{
  "RSpec": {
    "coverage": {
      "/Users/chrishewitt/Desktop/Bot-Saves-Princess/bot_saves_princess_1/lib/bot.rb": {
        "lines": [
          null,
          null,
          1,
          null,
          1,
          1,
          null,
          1,
          10,
          null,
          null,
          1,
          18,
          5,
          5,
          13,
          4,
          4,
          9,
          8,
          8,
          1,
          1,
          1,
          null,
          null,
          null,
          1,
          4,
          4,
          4,
          null,
          null,
          null,
          null,
          null,
          null,
          null,
          null
        ]
      },
      "/Users/chrishewitt/Desktop/Bot-Saves-Princess/bot_saves_princess_1/lib/position.rb": {
        "lines": [
          null,
          null,
          1,
          1,
          null,
          1,
          63,
          63,
          null,
          null,
          1,
          20,
          null,
          null,
          null,
          null,
          null,
          null,
          null,
          null,
          null
        ]
      },
      "/Users/chrishewitt/Desktop/Bot-Saves-Princess/bot_saves_princess_1/lib/gameformatter.rb": {
        "lines": [
          null,
          null,
          null,
          1,
          1,
          1,
          null,
          null,
          1,
          1,
          null,
          null,
          1,
          1,
          1,
          null,
          null,
          1,
          3,
          null,
          null,
          1,
          3,
          null,
          null,
          1,
          1,
          null,
          null,
          1,
          1,
          null,
          null,
          1,
          1,
          1,
          3,
          3,
          null,
          null,
          null,
          1,
          1,
          null,
          null,
          null,
          null,
          null,
          null
        ]
      },
      "/Users/chrishewitt/Desktop/Bot-Saves-Princess/bot_saves_princess_1/lib/gameplay.rb": {
        "lines": [
          null,
          null,
          null,
          1,
          1,
          1,
          1,
          1,
          null,
          1,
          1,
          null,
          1,
          3,
          3,
          null,
          3,
          3,
          null,
          3,
          3,
          null,
          3,
          3,
          null,
          3,
          3,
          null,
          null,
          1,
          null,
          1,
          null,
          null,
          8,
          8,
          8,
          null,
          3,
          3,
          null,
          null,
          1,
          8,
          8,
          null,
          5,
          null,
          null,
          1,
          4,
          4,
          null,
          1,
          1,
          null,
          null
        ]
      },
      "/Users/chrishewitt/Desktop/Bot-Saves-Princess/bot_saves_princess_1/lib/grid.rb": {
        "lines": [
          null,
          null,
          1,
          null,
          1,
          1,
          null,
          1,
          null,
          1,
          15,
          15,
          15,
          null,
          null,
          1,
          1,
          1,
          null,
          null,
          1,
          1,
          null,
          1,
          null,
          null,
          null,
          null,
          null,
          null,
          1,
          4,
          null,
          null,
          1,
          6,
          26,
          26,
          null,
          null,
          null,
          1,
          null,
          1,
          null,
          null,
          null,
          15,
          null,
          14,
          null,
          14,
          null,
          12,
          42,
          null,
          null,
          null,
          null,
          null,
          null,
          null,
          null,
          null,
          null,
          null,
          null,
          null,
          null
        ]
      },
      "/Users/chrishewitt/Desktop/Bot-Saves-Princess/bot_saves_princess_1/lib/gridbuilder.rb": {
        "lines": [
          null,
          null,
          null,
          1,
          null,
          1,
          1,
          24,
          null,
          4,
          4,
          null,
          4,
          4,
          null,
          4,
          null,
          null,
          1,
          18,
          null,
          null,
          1,
          null,
          20,
          null,
          null,
          null,
          null,
          null,
          null,
          null,
          null,
          null,
          null,
          null
        ]
      }
    },
    "timestamp": 1755480156
  }
}
